<?xml version="1.0" encoding="UTF-8"?>
<!-- Generated by org.testng.reporters.JUnitReportReporter -->
<testsuite hostname="DESKTOP-MA2BPC6" name="APITesting.com.org.api.JasonServerRequests" tests="5" failures="0" timestamp="24 Apr 2019 21:49:14 GMT" time="3.561" errors="0">
  <testcase name="test_05" time="0.065" classname="APITesting.com.org.api.JasonServerRequests"/>
  <testcase name="test_02" time="0.196" classname="APITesting.com.org.api.JasonServerRequests"/>
  <testcase name="test_03" time="0.856" classname="APITesting.com.org.api.JasonServerRequests"/>
  <testcase name="test_01" time="2.386" classname="APITesting.com.org.api.JasonServerRequests"/>
  <testcase name="test_04" time="0.058" classname="APITesting.com.org.api.JasonServerRequests"/>
</testsuite> <!-- APITesting.com.org.api.JasonServerRequests -->
