<?xml version="1.0" encoding="UTF-8"?>
<!-- Generated by org.testng.reporters.JUnitReportReporter -->
<testsuite hostname="DESKTOP-MA2BPC6" name="APITesting.com.org.api.WheaterGetRequests" tests="10" failures="0" timestamp="23 Apr 2019 14:05:30 GMT" time="23.068" errors="0">
  <testcase name="Test_01" time="7.414" classname="APITesting.com.org.api.WheaterGetRequests"/>
  <testcase name="Test_08" time="2.503" classname="APITesting.com.org.api.WheaterGetRequests"/>
  <testcase name="Test_02" time="1.340" classname="APITesting.com.org.api.WheaterGetRequests"/>
  <testcase name="Test_05" time="1.512" classname="APITesting.com.org.api.WheaterGetRequests"/>
  <testcase name="Test_06" time="1.347" classname="APITesting.com.org.api.WheaterGetRequests"/>
  <testcase name="Test_07" time="1.206" classname="APITesting.com.org.api.WheaterGetRequests"/>
  <testcase name="Test_10" time="4.279" classname="APITesting.com.org.api.WheaterGetRequests"/>
  <testcase name="Test_04" time="1.641" classname="APITesting.com.org.api.WheaterGetRequests"/>
  <testcase name="Test_03" time="1.292" classname="APITesting.com.org.api.WheaterGetRequests"/>
  <testcase name="Test_09" time="0.534" classname="APITesting.com.org.api.WheaterGetRequests"/>
</testsuite> <!-- APITesting.com.org.api.WheaterGetRequests -->
